[0mGET / [36m304 [0m98.043 ms - -[0m
[0mGET /stylesheets/style.css [36m304 [0m3.212 ms - -[0m
---------the results-------
[
  RowDataPacket {
    id: 3,
    buyercompany: 'æ­å·æ¯åˆ»ç§‘æŠ€æœ‰é™å…¬å¸',
    sellercompany: 'æ³•å›½çˆ±é©¬ä»•é›†å›¢æœ‰é™å…¬å¸',
    status: '0',
    isChecked: 'false',
    number: 98762342,
    date: 2023-12-27T16:00:00.000Z,
    sum: '98722',
    tax: '4567',
    currency: 'cn'
  }
]
-----------end------------
[0mGET /ticket/3 [32m200 [0m23.451 ms - 238[0m
---------the results-------
[
  RowDataPacket {
    id: 1,
    buyercompany: 'æ­å·æ¯åˆ»ç§‘æŠ€æœ‰é™å…¬å¸',
    sellercompany: 'æµ™æ±Ÿæ»´æ»´æ­å·åˆ†å…¬å¸',
    status: '0',
    isChecked: 'false',
    number: 1234134,
    date: 2023-12-12T16:00:00.000Z,
    sum: '33',
    tax: '12',
    currency: 'cn'
  }
]
-----------end------------
[0mGET /ticket/1 [32m200 [0m4.448 ms - 226[0m
[0mGET /test/1 [33m404 [0m43.492 ms - 1112[0m
[0mGET /stylesheets/style.css [36m304 [0m0.662 ms - -[0m
[0mGET /test/1 [33m404 [0m14.250 ms - 1112[0m
[0mGET /stylesheets/style.css [36m304 [0m0.887 ms - -[0m
